This is pdfTeX, Version 3.141592653-2.6-1.40.28 (TeX Live 2025) (preloaded format=pdflatex 2025.9.16)  17 SEP 2025 21:43
entering extended mode
 restricted \write18 enabled.
 %&-line parsing enabled.
**Markdown.tex
(./Markdown.tex
LaTeX2e <2025-06-01> patch level 1
L3 programming layer <2025-08-13>
(/Users/cparijat/Library/TinyTeX/texmf-dist/tex/latex/base/article.cls
Document Class: article 2025/01/22 v1.4n Standard LaTeX document class
(/Users/cparijat/Library/TinyTeX/texmf-dist/tex/latex/base/size10.clo
File: size10.clo 2025/01/22 v1.4n Standard LaTeX file (size option)
)
\c@part=\count275
\c@section=\count276
\c@subsection=\count277
\c@subsubsection=\count278
\c@paragraph=\count279
\c@subparagraph=\count280
\c@figure=\count281
\c@table=\count282
\abovecaptionskip=\skip49
\belowcaptionskip=\skip50
\bibindent=\dimen148
) (/Users/cparijat/Library/TinyTeX/texmf-dist/tex/latex/amsmath/amsmath.sty
Package: amsmath 2025/06/16 v2.17y AMS math features
\@mathmargin=\skip51
For additional information on amsmath, use the `?' option.
(/Users/cparijat/Library/TinyTeX/texmf-dist/tex/latex/amsmath/amstext.sty
Package: amstext 2024/11/17 v2.01 AMS text
(/Users/cparijat/Library/TinyTeX/texmf-dist/tex/latex/amsmath/amsgen.sty
File: amsgen.sty 1999/11/30 v2.0 generic functions
\@emptytoks=\toks17
\ex@=\dimen149
)) (/Users/cparijat/Library/TinyTeX/texmf-dist/tex/latex/amsmath/amsbsy.sty
Package: amsbsy 1999/11/29 v1.2d Bold Symbols
\pmbraise@=\dimen150
) (/Users/cparijat/Library/TinyTeX/texmf-dist/tex/latex/amsmath/amsopn.sty
Package: amsopn 2022/04/08 v2.04 operator names
)
\inf@bad=\count283
LaTeX Info: Redefining \frac on input line 233.
\uproot@=\count284
\leftroot@=\count285
LaTeX Info: Redefining \overline on input line 398.
LaTeX Info: Redefining \colon on input line 409.
\classnum@=\count286
\DOTSCASE@=\count287
LaTeX Info: Redefining \ldots on input line 495.
LaTeX Info: Redefining \dots on input line 498.
LaTeX Info: Redefining \cdots on input line 619.
\Mathstrutbox@=\box53
\strutbox@=\box54
LaTeX Info: Redefining \big on input line 721.
LaTeX Info: Redefining \Big on input line 722.
LaTeX Info: Redefining \bigg on input line 723.
LaTeX Info: Redefining \Bigg on input line 724.
\big@size=\dimen151
LaTeX Font Info:    Redeclaring font encoding OML on input line 742.
LaTeX Font Info:    Redeclaring font encoding OMS on input line 743.
\macc@depth=\count288
LaTeX Info: Redefining \bmod on input line 904.
LaTeX Info: Redefining \pmod on input line 909.
LaTeX Info: Redefining \smash on input line 939.
LaTeX Info: Redefining \relbar on input line 969.
LaTeX Info: Redefining \Relbar on input line 970.
\c@MaxMatrixCols=\count289
\dotsspace@=\muskip17
\c@parentequation=\count290
\dspbrk@lvl=\count291
\tag@help=\toks18
\row@=\count292
\column@=\count293
\maxfields@=\count294
\andhelp@=\toks19
\eqnshift@=\dimen152
\alignsep@=\dimen153
\tagshift@=\dimen154
\tagwidth@=\dimen155
\totwidth@=\dimen156
\lineht@=\dimen157
\@envbody=\toks20
\multlinegap=\skip52
\multlinetaggap=\skip53
\mathdisplay@stack=\toks21
LaTeX Info: Redefining \[ on input line 2949.
LaTeX Info: Redefining \] on input line 2950.
) (/Users/cparijat/Library/TinyTeX/texmf-dist/tex/latex/amsfonts/amssymb.sty
Package: amssymb 2013/01/14 v3.01 AMS font symbols
(/Users/cparijat/Library/TinyTeX/texmf-dist/tex/latex/amsfonts/amsfonts.sty
Package: amsfonts 2013/01/14 v3.01 Basic AMSFonts support
\symAMSa=\mathgroup4
\symAMSb=\mathgroup5
LaTeX Font Info:    Redeclaring math symbol \hbar on input line 98.
LaTeX Font Info:    Overwriting math alphabet `\mathfrak' in version `bold'
(Font)                  U/euf/m/n --> U/euf/b/n on input line 106.
)) (/Users/cparijat/Library/TinyTeX/texmf-dist/tex/generic/iftex/iftex.sty
Package: iftex 2024/12/12 v1.0g TeX engine tests
) (/Users/cparijat/Library/TinyTeX/texmf-dist/tex/latex/base/fontenc.sty
Package: fontenc 2024/12/21 v2.1c Standard LaTeX package
) (/Users/cparijat/Library/TinyTeX/texmf-dist/tex/latex/base/inputenc.sty
Package: inputenc 2024/02/08 v1.3d Input encoding file
\inpenc@prehook=\toks22
\inpenc@posthook=\toks23
) (/Users/cparijat/Library/TinyTeX/texmf-dist/tex/latex/base/textcomp.sty
Package: textcomp 2024/04/24 v2.1b Standard LaTeX package
) (/Users/cparijat/Library/TinyTeX/texmf-dist/tex/latex/lm/lmodern.sty
Package: lmodern 2015/05/01 v1.6.1 Latin Modern Fonts
LaTeX Font Info:    Overwriting symbol font `operators' in version `normal'
(Font)                  OT1/cmr/m/n --> OT1/lmr/m/n on input line 22.
LaTeX Font Info:    Overwriting symbol font `letters' in version `normal'
(Font)                  OML/cmm/m/it --> OML/lmm/m/it on input line 23.
LaTeX Font Info:    Overwriting symbol font `symbols' in version `normal'
(Font)                  OMS/cmsy/m/n --> OMS/lmsy/m/n on input line 24.
LaTeX Font Info:    Overwriting symbol font `largesymbols' in version `normal'
(Font)                  OMX/cmex/m/n --> OMX/lmex/m/n on input line 25.
LaTeX Font Info:    Overwriting symbol font `operators' in version `bold'
(Font)                  OT1/cmr/bx/n --> OT1/lmr/bx/n on input line 26.
LaTeX Font Info:    Overwriting symbol font `letters' in version `bold'
(Font)                  OML/cmm/b/it --> OML/lmm/b/it on input line 27.
LaTeX Font Info:    Overwriting symbol font `symbols' in version `bold'
(Font)                  OMS/cmsy/b/n --> OMS/lmsy/b/n on input line 28.
LaTeX Font Info:    Overwriting symbol font `largesymbols' in version `bold'
(Font)                  OMX/cmex/m/n --> OMX/lmex/m/n on input line 29.
LaTeX Font Info:    Overwriting math alphabet `\mathbf' in version `normal'
(Font)                  OT1/cmr/bx/n --> OT1/lmr/bx/n on input line 31.
LaTeX Font Info:    Overwriting math alphabet `\mathsf' in version `normal'
(Font)                  OT1/cmss/m/n --> OT1/lmss/m/n on input line 32.
LaTeX Font Info:    Overwriting math alphabet `\mathit' in version `normal'
(Font)                  OT1/cmr/m/it --> OT1/lmr/m/it on input line 33.
LaTeX Font Info:    Overwriting math alphabet `\mathtt' in version `normal'
(Font)                  OT1/cmtt/m/n --> OT1/lmtt/m/n on input line 34.
LaTeX Font Info:    Overwriting math alphabet `\mathbf' in version `bold'
(Font)                  OT1/cmr/bx/n --> OT1/lmr/bx/n on input line 35.
LaTeX Font Info:    Overwriting math alphabet `\mathsf' in version `bold'
(Font)                  OT1/cmss/bx/n --> OT1/lmss/bx/n on input line 36.
LaTeX Font Info:    Overwriting math alphabet `\mathit' in version `bold'
(Font)                  OT1/cmr/bx/it --> OT1/lmr/bx/it on input line 37.
LaTeX Font Info:    Overwriting math alphabet `\mathtt' in version `bold'
(Font)                  OT1/cmtt/m/n --> OT1/lmtt/m/n on input line 38.
) (/Users/cparijat/Library/TinyTeX/texmf-dist/tex/latex/xcolor/xcolor.sty
Package: xcolor 2024/09/29 v3.02 LaTeX color extensions (UK)
(/Users/cparijat/Library/TinyTeX/texmf-dist/tex/latex/graphics-cfg/color.cfg
File: color.cfg 2016/01/02 v1.6 sample color configuration
)
Package xcolor Info: Driver file: pdftex.def on input line 274.
(/Users/cparijat/Library/TinyTeX/texmf-dist/tex/latex/graphics-def/pdftex.def
File: pdftex.def 2024/04/13 v1.2c Graphics/color driver for pdftex
) (/Users/cparijat/Library/TinyTeX/texmf-dist/tex/latex/graphics/mathcolor.ltx)
Package xcolor Info: Model `cmy' substituted by `cmy0' on input line 1349.
Package xcolor Info: Model `hsb' substituted by `rgb' on input line 1353.
Package xcolor Info: Model `RGB' extended on input line 1365.
Package xcolor Info: Model `HTML' substituted by `rgb' on input line 1367.
Package xcolor Info: Model `Hsb' substituted by `hsb' on input line 1368.
Package xcolor Info: Model `tHsb' substituted by `hsb' on input line 1369.
Package xcolor Info: Model `HSB' substituted by `hsb' on input line 1370.
Package xcolor Info: Model `Gray' substituted by `gray' on input line 1371.
Package xcolor Info: Model `wave' substituted by `hsb' on input line 1372.
) (/Users/cparijat/Library/TinyTeX/texmf-dist/tex/latex/geometry/geometry.sty
Package: geometry 2020/01/02 v5.9 Page Geometry
(/Users/cparijat/Library/TinyTeX/texmf-dist/tex/latex/graphics/keyval.sty
Package: keyval 2022/05/29 v1.15 key=value parser (DPC)
\KV@toks@=\toks24
) (/Users/cparijat/Library/TinyTeX/texmf-dist/tex/generic/iftex/ifvtex.sty
Package: ifvtex 2019/10/25 v1.7 ifvtex legacy package. Use iftex instead.
)
\Gm@cnth=\count295
\Gm@cntv=\count296
\c@Gm@tempcnt=\count297
\Gm@bindingoffset=\dimen158
\Gm@wd@mp=\dimen159
\Gm@odd@mp=\dimen160
\Gm@even@mp=\dimen161
\Gm@layoutwidth=\dimen162
\Gm@layoutheight=\dimen163
\Gm@layouthoffset=\dimen164
\Gm@layoutvoffset=\dimen165
\Gm@dimlist=\toks25
) (/Users/cparijat/Library/TinyTeX/texmf-dist/tex/latex/fancyvrb/fancyvrb.sty
Package: fancyvrb 2025/07/28 4.6 verbatim text (tvz,hv)
\FV@CodeLineNo=\count298
\FV@InFile=\read2
\FV@TabBox=\box55
\c@FancyVerbLine=\count299
\FV@StepNumber=\count300
\FV@OutFile=\write3
) (/Users/cparijat/Library/TinyTeX/texmf-dist/tex/latex/framed/framed.sty
Package: framed 2011/10/22 v 0.96: framed or shaded text with page breaks
\OuterFrameSep=\skip54
\fb@frw=\dimen166
\fb@frh=\dimen167
\FrameRule=\dimen168
\FrameSep=\dimen169
) (/Users/cparijat/Library/TinyTeX/texmf-dist/tex/latex/graphics/graphicx.sty
Package: graphicx 2024/12/31 v1.2e Enhanced LaTeX Graphics (DPC,SPQR)
(/Users/cparijat/Library/TinyTeX/texmf-dist/tex/latex/graphics/graphics.sty
Package: graphics 2024/08/06 v1.4g Standard LaTeX Graphics (DPC,SPQR)
(/Users/cparijat/Library/TinyTeX/texmf-dist/tex/latex/graphics/trig.sty
Package: trig 2023/12/02 v1.11 sin cos tan (DPC)
) (/Users/cparijat/Library/TinyTeX/texmf-dist/tex/latex/graphics-cfg/graphics.cfg
File: graphics.cfg 2016/06/04 v1.11 sample graphics configuration
)
Package graphics Info: Driver file: pdftex.def on input line 106.
)
\Gin@req@height=\dimen170
\Gin@req@width=\dimen171
)
\pandoc@box=\box56
(/Users/cparijat/Library/TinyTeX/texmf-dist/tex/latex/caption/subcaption.sty
Package: subcaption 2023/07/28 v1.6b Sub-captions (AR)
(/Users/cparijat/Library/TinyTeX/texmf-dist/tex/latex/caption/caption.sty
Package: caption 2023/08/05 v3.6o Customizing captions (AR)
(/Users/cparijat/Library/TinyTeX/texmf-dist/tex/latex/caption/caption3.sty
Package: caption3 2023/07/31 v2.4d caption3 kernel (AR)
\caption@tempdima=\dimen172
\captionmargin=\dimen173
\caption@leftmargin=\dimen174
\caption@rightmargin=\dimen175
\caption@width=\dimen176
\caption@indent=\dimen177
\caption@parindent=\dimen178
\caption@hangindent=\dimen179
Package caption Info: Standard document class detected.
)
\c@caption@flags=\count301
\c@continuedfloat=\count302
)
Package caption Info: New subtype `subfigure' on input line 238.
\c@subfigure=\count303
Package caption Info: New subtype `subtable' on input line 238.
\c@subtable=\count304
) (/Users/cparijat/Library/TinyTeX/texmf-dist/tex/latex/placeins/placeins.sty
Package: placeins 2005/04/18  v 2.2
) (/Users/cparijat/Library/TinyTeX/texmf-dist/tex/latex/float/float.sty
Package: float 2001/11/08 v1.3d Float enhancements (AL)
\c@float@type=\count305
\float@exts=\toks26
\float@box=\box57
\@float@everytoks=\toks27
\@floatcapt=\box58
) (/Users/cparijat/Library/TinyTeX/texmf-dist/tex/latex/bookmark/bookmark.sty
Package: bookmark 2023-12-10 v1.31 PDF bookmarks (HO)
(/Users/cparijat/Library/TinyTeX/texmf-dist/tex/latex/hyperref/hyperref.sty
Package: hyperref 2025-07-12 v7.01o Hypertext links for LaTeX
(/Users/cparijat/Library/TinyTeX/texmf-dist/tex/latex/kvsetkeys/kvsetkeys.sty
Package: kvsetkeys 2022-10-05 v1.19 Key value parser (HO)
) (/Users/cparijat/Library/TinyTeX/texmf-dist/tex/generic/kvdefinekeys/kvdefinekeys.sty
Package: kvdefinekeys 2019-12-19 v1.6 Define keys (HO)
) (/Users/cparijat/Library/TinyTeX/texmf-dist/tex/generic/pdfescape/pdfescape.sty
Package: pdfescape 2019/12/09 v1.15 Implements pdfTeX's escape features (HO)
(/Users/cparijat/Library/TinyTeX/texmf-dist/tex/generic/ltxcmds/ltxcmds.sty
Package: ltxcmds 2023-12-04 v1.26 LaTeX kernel commands for general use (HO)
) (/Users/cparijat/Library/TinyTeX/texmf-dist/tex/generic/pdftexcmds/pdftexcmds.sty
Package: pdftexcmds 2020-06-27 v0.33 Utility functions of pdfTeX for LuaTeX (HO)
(/Users/cparijat/Library/TinyTeX/texmf-dist/tex/generic/infwarerr/infwarerr.sty
Package: infwarerr 2019/12/03 v1.5 Providing info/warning/error messages (HO)
)
Package pdftexcmds Info: \pdf@primitive is available.
Package pdftexcmds Info: \pdf@ifprimitive is available.
Package pdftexcmds Info: \pdfdraftmode found.
)) (/Users/cparijat/Library/TinyTeX/texmf-dist/tex/latex/hycolor/hycolor.sty
Package: hycolor 2020-01-27 v1.10 Color options for hyperref/bookmark (HO)
) (/Users/cparijat/Library/TinyTeX/texmf-dist/tex/latex/hyperref/nameref.sty
Package: nameref 2025-06-21 v2.57 Cross-referencing by name of section
(/Users/cparijat/Library/TinyTeX/texmf-dist/tex/latex/refcount/refcount.sty
Package: refcount 2019/12/15 v3.6 Data extraction from label references (HO)
) (/Users/cparijat/Library/TinyTeX/texmf-dist/tex/generic/gettitlestring/gettitlestring.sty
Package: gettitlestring 2019/12/15 v1.6 Cleanup title references (HO)
(/Users/cparijat/Library/TinyTeX/texmf-dist/tex/latex/kvoptions/kvoptions.sty
Package: kvoptions 2022-06-15 v3.15 Key value format for package options (HO)
))
\c@section@level=\count306
) (/Users/cparijat/Library/TinyTeX/texmf-dist/tex/latex/etoolbox/etoolbox.sty
Package: etoolbox 2025/02/11 v2.5l e-TeX tools for LaTeX (JAW)
\etb@tempcnta=\count307
) (/Users/cparijat/Library/TinyTeX/texmf-dist/tex/generic/stringenc/stringenc.sty
Package: stringenc 2019/11/29 v1.12 Convert strings between diff. encodings (HO)
)
\@linkdim=\dimen180
\Hy@linkcounter=\count308
\Hy@pagecounter=\count309
(/Users/cparijat/Library/TinyTeX/texmf-dist/tex/latex/hyperref/pd1enc.def
File: pd1enc.def 2025-07-12 v7.01o Hyperref: PDFDocEncoding definition (HO)
Now handling font encoding PD1 ...
... no UTF-8 mapping file for font encoding PD1
) (/Users/cparijat/Library/TinyTeX/texmf-dist/tex/generic/intcalc/intcalc.sty
Package: intcalc 2019/12/15 v1.3 Expandable calculations with integers (HO)
)
\Hy@SavedSpaceFactor=\count310
(/Users/cparijat/Library/TinyTeX/texmf-dist/tex/latex/hyperref/puenc.def
File: puenc.def 2025-07-12 v7.01o Hyperref: PDF Unicode definition (HO)
Now handling font encoding PU ...
... no UTF-8 mapping file for font encoding PU
)
Package hyperref Info: Option `unicode' set `true' on input line 4066.
Package hyperref Info: Hyper figures OFF on input line 4195.
Package hyperref Info: Link nesting OFF on input line 4200.
Package hyperref Info: Hyper index ON on input line 4203.
Package hyperref Info: Plain pages OFF on input line 4210.
Package hyperref Info: Backreferencing OFF on input line 4215.
Package hyperref Info: Implicit mode ON; LaTeX internals redefined.
Package hyperref Info: Bookmarks ON on input line 4462.
\c@Hy@tempcnt=\count311
(/Users/cparijat/Library/TinyTeX/texmf-dist/tex/latex/url/url.sty
\Urlmuskip=\muskip18
Package: url 2013/09/16  ver 3.4  Verb mode for urls, etc.
)
LaTeX Info: Redefining \url on input line 4801.
\XeTeXLinkMargin=\dimen181
(/Users/cparijat/Library/TinyTeX/texmf-dist/tex/generic/bitset/bitset.sty
Package: bitset 2019/12/09 v1.3 Handle bit-vector datatype (HO)
(/Users/cparijat/Library/TinyTeX/texmf-dist/tex/generic/bigintcalc/bigintcalc.sty
Package: bigintcalc 2019/12/15 v1.5 Expandable calculations on big integers (HO)
))
\Fld@menulength=\count312
\Field@Width=\dimen182
\Fld@charsize=\dimen183
Package hyperref Info: Hyper figures OFF on input line 6078.
Package hyperref Info: Link nesting OFF on input line 6083.
Package hyperref Info: Hyper index ON on input line 6086.
Package hyperref Info: backreferencing OFF on input line 6093.
Package hyperref Info: Link coloring OFF on input line 6098.
Package hyperref Info: Link coloring with OCG OFF on input line 6103.
Package hyperref Info: PDF/A mode OFF on input line 6108.
\Hy@abspage=\count313
\c@Item=\count314
\c@Hfootnote=\count315
)
Package hyperref Info: Driver (autodetected): hpdftex.
(/Users/cparijat/Library/TinyTeX/texmf-dist/tex/latex/hyperref/hpdftex.def
File: hpdftex.def 2025-07-12 v7.01o Hyperref driver for pdfTeX
\Fld@listcount=\count316
\c@bookmark@seq@number=\count317
(/Users/cparijat/Library/TinyTeX/texmf-dist/tex/latex/rerunfilecheck/rerunfilecheck.sty
Package: rerunfilecheck 2025-06-21 v1.11 Rerun checks for auxiliary files (HO)
(/Users/cparijat/Library/TinyTeX/texmf-dist/tex/generic/uniquecounter/uniquecounter.sty
Package: uniquecounter 2019/12/15 v1.4 Provide unlimited unique counter (HO)
)
Package uniquecounter Info: New unique counter `rerunfilecheck' on input line 284.
)
\Hy@SectionHShift=\skip55
) (/Users/cparijat/Library/TinyTeX/texmf-dist/tex/latex/bookmark/bkm-pdftex.def
File: bkm-pdftex.def 2023-12-10 v1.31 bookmark driver for pdfTeX and luaTeX (HO)
\BKM@id=\count318
))
LaTeX Font Info:    Trying to load font information for T1+lmr on input line 114.
(/Users/cparijat/Library/TinyTeX/texmf-dist/tex/latex/lm/t1lmr.fd
File: t1lmr.fd 2015/05/01 v1.6.1 Font defs for Latin Modern
) (/Users/cparijat/Library/TinyTeX/texmf-dist/tex/latex/l3backend/l3backend-pdftex.def
File: l3backend-pdftex.def 2025-06-09 L3 backend support: PDF output (pdfTeX)
\l__color_backend_stack_int=\count319
) (./Markdown.aux)
\openout1 = `Markdown.aux'.

LaTeX Font Info:    Checking defaults for OML/cmm/m/it on input line 114.
LaTeX Font Info:    ... okay on input line 114.
LaTeX Font Info:    Checking defaults for OMS/cmsy/m/n on input line 114.
LaTeX Font Info:    ... okay on input line 114.
LaTeX Font Info:    Checking defaults for OT1/cmr/m/n on input line 114.
LaTeX Font Info:    ... okay on input line 114.
LaTeX Font Info:    Checking defaults for T1/cmr/m/n on input line 114.
LaTeX Font Info:    ... okay on input line 114.
LaTeX Font Info:    Checking defaults for TS1/cmr/m/n on input line 114.
LaTeX Font Info:    ... okay on input line 114.
LaTeX Font Info:    Checking defaults for OMX/cmex/m/n on input line 114.
LaTeX Font Info:    ... okay on input line 114.
LaTeX Font Info:    Checking defaults for U/cmr/m/n on input line 114.
LaTeX Font Info:    ... okay on input line 114.
LaTeX Font Info:    Checking defaults for PD1/pdf/m/n on input line 114.
LaTeX Font Info:    ... okay on input line 114.
LaTeX Font Info:    Checking defaults for PU/pdf/m/n on input line 114.
LaTeX Font Info:    ... okay on input line 114.
(/Users/cparijat/Library/TinyTeX/texmf-dist/tex/latex/epstopdf-pkg/epstopdf-base.sty
Package: epstopdf-base 2020-01-24 v2.11 Base part for package epstopdf
Package epstopdf-base Info: Redefining graphics rule for `.eps' on input line 485.
(/Users/cparijat/Library/TinyTeX/texmf-dist/tex/latex/latexconfig/epstopdf-sys.cfg
File: epstopdf-sys.cfg 2010/07/13 v1.3 Configuration of (r)epstopdf for TeX Live
))
*geometry* driver: auto-detecting
*geometry* detected driver: pdftex
*geometry* verbose mode - [ preamble ] result:
* driver: pdftex
* paper: <default>
* layout: <same size as paper>
* layoutoffset:(h,v)=(0.0pt,0.0pt)
* modes: 
* h-part:(L,W,R)=(57.81621pt, 498.66258pt, 57.81621pt)
* v-part:(T,H,B)=(57.81621pt, 679.33757pt, 57.81621pt)
* \paperwidth=614.295pt
* \paperheight=794.96999pt
* \textwidth=498.66258pt
* \textheight=679.33757pt
* \oddsidemargin=-14.45378pt
* \evensidemargin=-14.45378pt
* \topmargin=-51.45378pt
* \headheight=12.0pt
* \headsep=25.0pt
* \topskip=10.0pt
* \footskip=30.0pt
* \marginparwidth=65.0pt
* \marginparsep=11.0pt
* \columnsep=10.0pt
* \skip\footins=9.0pt plus 4.0pt minus 2.0pt
* \hoffset=0.0pt
* \voffset=0.0pt
* \mag=1000
* \@twocolumnfalse
* \@twosidefalse
* \@mparswitchfalse
* \@reversemarginfalse
* (1in=72.27pt=25.4mm, 1cm=28.453pt)

Package caption Info: Begin \AtBeginDocument code.
Package caption Info: float package is loaded.
Package caption Info: hyperref package is loaded.
Package caption Info: End \AtBeginDocument code.
Package hyperref Info: Link coloring OFF on input line 114.
LaTeX Font Info:    Trying to load font information for OT1+lmr on input line 116.
(/Users/cparijat/Library/TinyTeX/texmf-dist/tex/latex/lm/ot1lmr.fd
File: ot1lmr.fd 2015/05/01 v1.6.1 Font defs for Latin Modern
)
LaTeX Font Info:    Trying to load font information for OML+lmm on input line 116.
(/Users/cparijat/Library/TinyTeX/texmf-dist/tex/latex/lm/omllmm.fd
File: omllmm.fd 2015/05/01 v1.6.1 Font defs for Latin Modern
)
LaTeX Font Info:    Trying to load font information for OMS+lmsy on input line 116.
(/Users/cparijat/Library/TinyTeX/texmf-dist/tex/latex/lm/omslmsy.fd
File: omslmsy.fd 2015/05/01 v1.6.1 Font defs for Latin Modern
)
LaTeX Font Info:    Trying to load font information for OMX+lmex on input line 116.
(/Users/cparijat/Library/TinyTeX/texmf-dist/tex/latex/lm/omxlmex.fd
File: omxlmex.fd 2015/05/01 v1.6.1 Font defs for Latin Modern
)
LaTeX Font Info:    External font `lmex10' loaded for size
(Font)              <12> on input line 116.
LaTeX Font Info:    External font `lmex10' loaded for size
(Font)              <8> on input line 116.
LaTeX Font Info:    External font `lmex10' loaded for size
(Font)              <6> on input line 116.
LaTeX Font Info:    Trying to load font information for U+msa on input line 116.
(/Users/cparijat/Library/TinyTeX/texmf-dist/tex/latex/amsfonts/umsa.fd
File: umsa.fd 2013/01/14 v3.01 AMS symbols A
)
LaTeX Font Info:    Trying to load font information for U+msb on input line 116.
(/Users/cparijat/Library/TinyTeX/texmf-dist/tex/latex/amsfonts/umsb.fd
File: umsb.fd 2013/01/14 v3.01 AMS symbols B
)

[1

{/Users/cparijat/Library/TinyTeX/texmf-var/fonts/map/pdftex/updmap/pdftex.map}{/Users/cparijat/Library/TinyTeX/texmf-dist/fonts/enc/dvips/lm/lm-ec.enc}]
LaTeX Font Info:    Trying to load font information for T1+lmtt on input line 194.
(/Users/cparijat/Library/TinyTeX/texmf-dist/tex/latex/lm/t1lmtt.fd
File: t1lmtt.fd 2015/05/01 v1.6.1 Font defs for Latin Modern
)
LaTeX Font Info:    Font shape `T1/lmtt/bx/n' in size <10> not available
(Font)              Font shape `T1/lmtt/b/n' tried instead on input line 195.
<figures/Cell_num.png, id=16, 1220.56pt x 730.73pt>
File: figures/Cell_num.png Graphic file (type png)
<use figures/Cell_num.png>
Package pdftex.def Info: figures/Cell_num.png  used on input line 200.
(pdftex.def)             Requested size: 249.33128pt x 149.26541pt.
LaTeX Font Info:    Trying to load font information for TS1+lmr on input line 200.
(/Users/cparijat/Library/TinyTeX/texmf-dist/tex/latex/lm/ts1lmr.fd
File: ts1lmr.fd 2015/05/01 v1.6.1 Font defs for Latin Modern
)
<figures/Cell_counts_vs_siteplate.png, id=18, 717.68124pt x 412.54124pt>
File: figures/Cell_counts_vs_siteplate.png Graphic file (type png)
<use figures/Cell_counts_vs_siteplate.png>
Package pdftex.def Info: figures/Cell_counts_vs_siteplate.png  used on input line 229.
(pdftex.def)             Requested size: 249.33128pt x 143.32147pt.


[2{/Users/cparijat/Library/TinyTeX/texmf-dist/fonts/enc/dvips/lm/lm-ts1.enc} <./figures/Cell_num.png> <./figures/Cell_counts_vs_siteplate.png>]
<figures/Medina_cell_count_vs_rep.png, id=33, 715.67375pt x 412.54124pt>
File: figures/Medina_cell_count_vs_rep.png Graphic file (type png)
<use figures/Medina_cell_count_vs_rep.png>
Package pdftex.def Info: figures/Medina_cell_count_vs_rep.png  used on input line 255.
(pdftex.def)             Requested size: 249.33128pt x 143.71805pt.
<figures/Nuc_area.png, id=34, 1221.56375pt x 736.7525pt>
File: figures/Nuc_area.png Graphic file (type png)
<use figures/Nuc_area.png>
Package pdftex.def Info: figures/Nuc_area.png  used on input line 280.
(pdftex.def)             Requested size: 249.33128pt x 150.37196pt.


[3 <./figures/Medina_cell_count_vs_rep.png> <./figures/Nuc_area.png>]
<figures/Nuc_Intensity_grid.png, id=45, 2409.0pt x 1499.6025pt>
File: figures/Nuc_Intensity_grid.png Graphic file (type png)
<use figures/Nuc_Intensity_grid.png>
Package pdftex.def Info: figures/Nuc_Intensity_grid.png  used on input line 306.
(pdftex.def)             Requested size: 448.79327pt x 279.3671pt.


[4 <./figures/Nuc_Intensity_grid.png>]
<figures/Box_plot_cell_count.png, id=53, 940.51375pt x 750.805pt>
File: figures/Box_plot_cell_count.png Graphic file (type png)
<use figures/Box_plot_cell_count.png>
Package pdftex.def Info: figures/Box_plot_cell_count.png  used on input line 341.
(pdftex.def)             Requested size: 249.33128pt x 199.03111pt.
LaTeX Font Info:    External font `lmex10' loaded for size
(Font)              <10> on input line 367.
LaTeX Font Info:    External font `lmex10' loaded for size
(Font)              <7> on input line 367.
LaTeX Font Info:    External font `lmex10' loaded for size
(Font)              <5> on input line 367.

Overfull \hbox (32.47403pt too wide) in paragraph at lines 391--395
\T1/lmr/m/n/10 mal-ized nu-cleus area, shown in the fig-ures heatmap_normalized_cellcount.png and heatmap_normalized_nucleusarea.png,
 []



[5{/Users/cparijat/Library/TinyTeX/texmf-dist/fonts/enc/dvips/lm/lm-mathit.enc}{/Users/cparijat/Library/TinyTeX/texmf-dist/fonts/enc/dvips/lm/lm-rm.enc}{/Users/cparijat/Library/TinyTeX/texmf-dist/fonts/enc/dvips/lm/lm-mathsy.enc} <./figures/Box_plot_cell_count.png>]
<figures/part2/heatmap_normalized_cellcount.png, id=66, 888.1983pt x 888.1983pt>
File: figures/part2/heatmap_normalized_cellcount.png Graphic file (type png)
<use figures/part2/heatmap_normalized_cellcount.png>
Package pdftex.def Info: figures/part2/heatmap_normalized_cellcount.png  used on input line 404.
(pdftex.def)             Requested size: 239.3559pt x 239.35594pt.
<figures/part2/heatmap_normalized_nucleusarea.png, id=67, 888.1983pt x 888.1983pt>
File: figures/part2/heatmap_normalized_nucleusarea.png Graphic file (type png)
<use figures/part2/heatmap_normalized_nucleusarea.png>
Package pdftex.def Info: figures/part2/heatmap_normalized_nucleusarea.png  used on input line 404.
(pdftex.def)             Requested size: 239.3559pt x 239.35594pt.


[6 <./figures/part2/heatmap_normalized_cellcount.png> <./figures/part2/heatmap_normalized_nucleusarea.png>]
<figures/part2/heatmap_correlation.png, id=77, 568.7649pt x 495.0495pt>
File: figures/part2/heatmap_correlation.png Graphic file (type png)
<use figures/part2/heatmap_correlation.png>
Package pdftex.def Info: figures/part2/heatmap_correlation.png  used on input line 473.
(pdftex.def)             Requested size: 249.33128pt x 217.01419pt.


[7 <./figures/part2/heatmap_correlation.png>]
<figures/part2/avg/heatmap_avg_cellcount_plate2.png, id=86, 976.3677pt x 888.1983pt>
File: figures/part2/avg/heatmap_avg_cellcount_plate2.png Graphic file (type png)
<use figures/part2/avg/heatmap_avg_cellcount_plate2.png>
Package pdftex.def Info: figures/part2/avg/heatmap_avg_cellcount_plate2.png  used on input line 530.
(pdftex.def)             Requested size: 239.3559pt x 217.73924pt.
<figures/part2/avg/heatmap_avg_cellcount_plate3.png, id=87, 976.3677pt x 888.1983pt>
File: figures/part2/avg/heatmap_avg_cellcount_plate3.png Graphic file (type png)
<use figures/part2/avg/heatmap_avg_cellcount_plate3.png>
Package pdftex.def Info: figures/part2/avg/heatmap_avg_cellcount_plate3.png  used on input line 530.
(pdftex.def)             Requested size: 239.3559pt x 217.73924pt.
<figures/part2/var/heatmap_var_cellcount_plate1.png, id=88, 974.1996pt x 888.1983pt>
File: figures/part2/var/heatmap_var_cellcount_plate1.png Graphic file (type png)
<use figures/part2/var/heatmap_var_cellcount_plate1.png>
Package pdftex.def Info: figures/part2/var/heatmap_var_cellcount_plate1.png  used on input line 582.
(pdftex.def)             Requested size: 239.3559pt x 218.22714pt.
<figures/part2/var/heatmap_var_cellcount_plate2.png, id=89, 974.1996pt x 888.1983pt>
File: figures/part2/var/heatmap_var_cellcount_plate2.png Graphic file (type png)
<use figures/part2/var/heatmap_var_cellcount_plate2.png>
Package pdftex.def Info: figures/part2/var/heatmap_var_cellcount_plate2.png  used on input line 582.
(pdftex.def)             Requested size: 239.3559pt x 218.22714pt.


[8 <./figures/part2/avg/heatmap_avg_cellcount_plate2.png> <./figures/part2/avg/heatmap_avg_cellcount_plate3.png>]
<figures/part2/var/heatmap_var_cellcount_plate6.png, id=98, 967.6953pt x 888.1983pt>
File: figures/part2/var/heatmap_var_cellcount_plate6.png Graphic file (type png)
<use figures/part2/var/heatmap_var_cellcount_plate6.png>
Package pdftex.def Info: figures/part2/var/heatmap_var_cellcount_plate6.png  used on input line 612.
(pdftex.def)             Requested size: 239.3559pt x 219.69084pt.
<figures/part2/var/heatmap_var_cellcount_plate7.png, id=99, 974.1996pt x 888.1983pt>
File: figures/part2/var/heatmap_var_cellcount_plate7.png Graphic file (type png)
<use figures/part2/var/heatmap_var_cellcount_plate7.png>
Package pdftex.def Info: figures/part2/var/heatmap_var_cellcount_plate7.png  used on input line 612.
(pdftex.def)             Requested size: 239.3559pt x 218.22714pt.

Underfull \hbox (badness 1789) in paragraph at lines 619--635
[]\T1/lmr/m/n/10 When we ex-am-ine the vari-ance heatmaps for plates 6 and 7 (heatmap_var_cellcount_plate6.png and
 []



[9 <./figures/part2/var/heatmap_var_cellcount_plate1.png> <./figures/part2/var/heatmap_var_cellcount_plate2.png> <./figures/part2/var/heatmap_var_cellcount_plate6.png> <./figures/part2/var/heatmap_var_cellcount_plate7.png>]
<figures/tsne_three_panel.png, id=110, 1364.99962pt x 500.46976pt>
File: figures/tsne_three_panel.png Graphic file (type png)
<use figures/tsne_three_panel.png>
Package pdftex.def Info: figures/tsne_three_panel.png  used on input line 692.
(pdftex.def)             Requested size: 1364.9963pt x 500.46852pt.

Overfull \hbox (866.33372pt too wide) in paragraph at lines 692--693
 [][] 
 []



[10]

[11 <./figures/tsne_three_panel.png>]
<figures/variance_no_residual_controls_combined.png, id=127, 448.074pt x 346.896pt>
File: figures/variance_no_residual_controls_combined.png Graphic file (type png)
<use figures/variance_no_residual_controls_combined.png>
Package pdftex.def Info: figures/variance_no_residual_controls_combined.png  used on input line 741.
(pdftex.def)             Requested size: 149.6003pt x 115.8205pt.

Underfull \hbox (badness 10000) in paragraph at lines 796--798

 []


Underfull \hbox (badness 10000) in paragraph at lines 798--800

 []



[12 <./figures/variance_no_residual_controls_combined.png>]
<figures/compound_quantile_lines_neg_rz.png, id=138, 714.5094pt x 1581.2676pt>
File: figures/compound_quantile_lines_neg_rz.png Graphic file (type png)
<use figures/compound_quantile_lines_neg_rz.png>
Package pdftex.def Info: figures/compound_quantile_lines_neg_rz.png  used on input line 830.
(pdftex.def)             Requested size: 714.50766pt x 1581.26375pt.

Overfull \hbox (215.84508pt too wide) in paragraph at lines 830--831
 [][] 
 []


LaTeX Warning: Float too large for page by 923.92618pt on input line 832.

<figures/boxplots_between_tet_noc_plus_topmedian_and_topbelowtet.png, id=139, 1235.817pt x 355.0866pt>
File: figures/boxplots_between_tet_noc_plus_topmedian_and_topbelowtet.png Graphic file (type png)
<use figures/boxplots_between_tet_noc_plus_topmedian_and_topbelowtet.png>
Package pdftex.def Info: figures/boxplots_between_tet_noc_plus_topmedian_and_topbelowtet.png  used on input line 840.
(pdftex.def)             Requested size: 1235.81398pt x 355.08571pt.

Overfull \hbox (737.1514pt too wide) in paragraph at lines 840--841
 [][] 
 []



[13{/Users/cparijat/Library/TinyTeX/texmf-dist/fonts/enc/dvips/lm/lm-mathex.enc}]

[14 <./figures/compound_quantile_lines_neg_rz.png>]

[15 <./figures/boxplots_between_tet_noc_plus_topmedian_and_topbelowtet.png>]
<figures/cosine_replicate_matrix.png, id=160, 679.5789pt x 680.3016pt>
File: figures/cosine_replicate_matrix.png Graphic file (type png)
<use figures/cosine_replicate_matrix.png>
Package pdftex.def Info: figures/cosine_replicate_matrix.png  used on input line 904.
(pdftex.def)             Requested size: 199.46198pt x 199.66994pt.
<figures/FMP_capture_rates.png, id=161, 489.7497pt x 313.6518pt>
File: figures/FMP_capture_rates.png Graphic file (type png)
<use figures/FMP_capture_rates.png>
Package pdftex.def Info: figures/FMP_capture_rates.png  used on input line 912.
(pdftex.def)             Requested size: 249.33128pt x 159.68271pt.


[16 <./figures/cosine_replicate_matrix.png> <./figures/FMP_capture_rates.png>]
<figures/FMP_Ward_median_std_count_crop.png, id=172, 1196.47pt x 351.3125pt>
File: figures/FMP_Ward_median_std_count_crop.png Graphic file (type png)
<use figures/FMP_Ward_median_std_count_crop.png>
Package pdftex.def Info: figures/FMP_Ward_median_std_count_crop.png  used on input line 960.
(pdftex.def)             Requested size: 349.06227pt x 102.49448pt.
<figures/FMP_consensus_Ward_k5_plate_maps_one_row.png, id=173, 1347.3537pt x 387.3672pt>
File: figures/FMP_consensus_Ward_k5_plate_maps_one_row.png Graphic file (type png)
<use figures/FMP_consensus_Ward_k5_plate_maps_one_row.png>
Package pdftex.def Info: figures/FMP_consensus_Ward_k5_plate_maps_one_row.png  used on input line 973.
(pdftex.def)             Requested size: 498.66258pt x 143.36499pt.
<figures/toxic.png, id=175, 565.11125pt x 484.81125pt>
File: figures/toxic.png Graphic file (type png)
<use figures/toxic.png>
Package pdftex.def Info: figures/toxic.png  used on input line 987.
(pdftex.def)             Requested size: 249.33128pt x 213.90201pt.
<figures/eff_unknown_moa.png, id=176, 1473.505pt x 573.14125pt>
File: figures/eff_unknown_moa.png Graphic file (type png)
<use figures/eff_unknown_moa.png>
Package pdftex.def Info: figures/eff_unknown_moa.png  used on input line 993.
(pdftex.def)             Requested size: 548.53188pt x 213.35326pt.

Overfull \hbox (49.8693pt too wide) in paragraph at lines 993--994
 [][] 
 []



[17 <./figures/FMP_Ward_median_std_count_crop.png> <./figures/FMP_consensus_Ward_k5_plate_maps_one_row.png>]

[18 <./figures/toxic.png> <./figures/eff_unknown_moa.png>]

[19] (./Markdown.aux)
 ***********
LaTeX2e <2025-06-01> patch level 1
L3 programming layer <2025-08-13>
 ***********
 ) 
Here is how much of TeX's memory you used:
 13410 strings out of 469781
 219912 string characters out of 5481415
 624851 words of memory out of 5000000
 41538 multiletter control sequences out of 15000+600000
 674225 words of font info for 83 fonts, out of 8000000 for 9000
 14 hyphenation exceptions out of 8191
 89i,10n,93p,1066b,572s stack positions out of 10000i,1000n,20000p,200000b,200000s
</Users/cparijat/Library/TinyTeX/texmf-dist/fonts/type1/public/lm/lmbx10.pfb></Users/cparijat/Library/TinyTeX/texmf-dist/fonts/type1/public/lm/lmbx12.pfb></Users/cparijat/Library/TinyTeX/texmf-dist/fonts/type1/public/lm/lmex10.pfb></Users/cparijat/Library/TinyTeX/texmf-dist/fonts/type1/public/lm/lmmi10.pfb></Users/cparijat/Library/TinyTeX/texmf-dist/fonts/type1/public/lm/lmmi7.pfb></Users/cparijat/Library/TinyTeX/texmf-dist/fonts/type1/public/lm/lmr10.pfb></Users/cparijat/Library/TinyTeX/texmf-dist/fonts/type1/public/lm/lmr12.pfb></Users/cparijat/Library/TinyTeX/texmf-dist/fonts/type1/public/lm/lmr17.pfb></Users/cparijat/Library/TinyTeX/texmf-dist/fonts/type1/public/lm/lmr7.pfb></Users/cparijat/Library/TinyTeX/texmf-dist/fonts/type1/public/lm/lmsy10.pfb></Users/cparijat/Library/TinyTeX/texmf-dist/fonts/type1/public/lm/lmsy7.pfb></Users/cparijat/Library/TinyTeX/texmf-dist/fonts/type1/public/lm/lmtk10.pfb></Users/cparijat/Library/TinyTeX/texmf-dist/fonts/type1/public/lm/lmtt10.pfb>
Output written on Markdown.pdf (19 pages, 5663052 bytes).
PDF statistics:
 323 PDF objects out of 1000 (max. 8388607)
 219 compressed objects within 3 object streams
 66 named destinations out of 1000 (max. 500000)
 222 words of extra memory for PDF output out of 10000 (max. 10000000)

